This is pdfTeX, Version 3.14159265-2.6-1.40.18 (TeX Live 2017/W32TeX) (preloaded format=pdflatex 2017.7.7)  29 JUN 2020 11:38
entering extended mode
 restricted \write18 enabled.
 file:line:error style messages enabled.
 %&-line parsing enabled.
**"d:/PANDA/Study/VG441/Homework/Midterm 1/Midterm.tex"
(d:/PANDA/Study/VG441/Homework/Midterm 1/Midterm.tex
LaTeX2e <2017-04-15>
Babel <3.10> and hyphenation patterns for 84 language(s) loaded.
(c:/texlive/2017/texmf-dist/tex/latex/base/article.cls
Document Class: article 2014/09/29 v1.4h Standard LaTeX document class
(c:/texlive/2017/texmf-dist/tex/latex/base/size10.clo
File: size10.clo 2014/09/29 v1.4h Standard LaTeX file (size option)
)
\c@part=\count79
\c@section=\count80
\c@subsection=\count81
\c@subsubsection=\count82
\c@paragraph=\count83
\c@subparagraph=\count84
\c@figure=\count85
\c@table=\count86
\abovecaptionskip=\skip41
\belowcaptionskip=\skip42
\bibindent=\dimen102
) (c:/texlive/2017/texmf-dist/tex/latex/amsmath/amsmath.sty
Package: amsmath 2016/11/05 v2.16a AMS math features
\@mathmargin=\skip43

For additional information on amsmath, use the `?' option.
(c:/texlive/2017/texmf-dist/tex/latex/amsmath/amstext.sty
Package: amstext 2000/06/29 v2.01 AMS text
 (c:/texlive/2017/texmf-dist/tex/latex/amsmath/amsgen.sty
File: amsgen.sty 1999/11/30 v2.0 generic functions
\@emptytoks=\toks14
\ex@=\dimen103
)) (c:/texlive/2017/texmf-dist/tex/latex/amsmath/amsbsy.sty
Package: amsbsy 1999/11/29 v1.2d Bold Symbols
\pmbraise@=\dimen104
) (c:/texlive/2017/texmf-dist/tex/latex/amsmath/amsopn.sty
Package: amsopn 2016/03/08 v2.02 operator names
)
\inf@bad=\count87
LaTeX Info: Redefining \frac on input line 213.
\uproot@=\count88
\leftroot@=\count89
LaTeX Info: Redefining \overline on input line 375.
\classnum@=\count90
\DOTSCASE@=\count91
LaTeX Info: Redefining \ldots on input line 472.
LaTeX Info: Redefining \dots on input line 475.
LaTeX Info: Redefining \cdots on input line 596.
\Mathstrutbox@=\box26
\strutbox@=\box27
\big@size=\dimen105
LaTeX Font Info:    Redeclaring font encoding OML on input line 712.
LaTeX Font Info:    Redeclaring font encoding OMS on input line 713.
\macc@depth=\count92
\c@MaxMatrixCols=\count93
\dotsspace@=\muskip10
\c@parentequation=\count94
\dspbrk@lvl=\count95
\tag@help=\toks15
\row@=\count96
\column@=\count97
\maxfields@=\count98
\andhelp@=\toks16
\eqnshift@=\dimen106
\alignsep@=\dimen107
\tagshift@=\dimen108
\tagwidth@=\dimen109
\totwidth@=\dimen110
\lineht@=\dimen111
\@envbody=\toks17
\multlinegap=\skip44
\multlinetaggap=\skip45
\mathdisplay@stack=\toks18
LaTeX Info: Redefining \[ on input line 2817.
LaTeX Info: Redefining \] on input line 2818.
) (c:/texlive/2017/texmf-dist/tex/latex/amsfonts/amssymb.sty
Package: amssymb 2013/01/14 v3.01 AMS font symbols
 (c:/texlive/2017/texmf-dist/tex/latex/amsfonts/amsfonts.sty
Package: amsfonts 2013/01/14 v3.01 Basic AMSFonts support
\symAMSa=\mathgroup4
\symAMSb=\mathgroup5
LaTeX Font Info:    Overwriting math alphabet `\mathfrak' in version `bold'
(Font)                  U/euf/m/n --> U/euf/b/n on input line 106.
)) (c:/texlive/2017/texmf-dist/tex/latex/geometry/geometry.sty
Package: geometry 2010/09/12 v5.6 Page Geometry
 (c:/texlive/2017/texmf-dist/tex/latex/graphics/keyval.sty
Package: keyval 2014/10/28 v1.15 key=value parser (DPC)
\KV@toks@=\toks19
) (c:/texlive/2017/texmf-dist/tex/generic/oberdiek/ifpdf.sty
Package: ifpdf 2017/03/15 v3.2 Provides the ifpdf switch
) (c:/texlive/2017/texmf-dist/tex/generic/oberdiek/ifvtex.sty
Package: ifvtex 2016/05/16 v1.6 Detect VTeX and its facilities (HO)
Package ifvtex Info: VTeX not detected.
) (c:/texlive/2017/texmf-dist/tex/generic/ifxetex/ifxetex.sty
Package: ifxetex 2010/09/12 v0.6 Provides ifxetex conditional
)
\Gm@cnth=\count99
\Gm@cntv=\count100
\c@Gm@tempcnt=\count101
\Gm@bindingoffset=\dimen112
\Gm@wd@mp=\dimen113
\Gm@odd@mp=\dimen114
\Gm@even@mp=\dimen115
\Gm@layoutwidth=\dimen116
\Gm@layoutheight=\dimen117
\Gm@layouthoffset=\dimen118
\Gm@layoutvoffset=\dimen119
\Gm@dimlist=\toks20
) (c:/texlive/2017/texmf-dist/tex/latex/tools/enumerate.sty
Package: enumerate 2015/07/23 v3.00 enumerate extensions (DPC)
\@enLab=\toks21
) (c:/texlive/2017/texmf-dist/tex/latex/natbib/natbib.sty
Package: natbib 2010/09/13 8.31b (PWD, AO)
\bibhang=\skip46
\bibsep=\skip47
LaTeX Info: Redefining \cite on input line 694.
\c@NAT@ctr=\count102
) (c:/texlive/2017/texmf-dist/tex/latex/float/float.sty
Package: float 2001/11/08 v1.3d Float enhancements (AL)
\c@float@type=\count103
\float@exts=\toks22
\float@box=\box28
\@float@everytoks=\toks23
\@floatcapt=\box29
) (c:/texlive/2017/texmf-dist/tex/latex/graphics/graphicx.sty
Package: graphicx 2014/10/28 v1.0g Enhanced LaTeX Graphics (DPC,SPQR)
 (c:/texlive/2017/texmf-dist/tex/latex/graphics/graphics.sty
Package: graphics 2017/04/14 v1.1b Standard LaTeX Graphics (DPC,SPQR)
 (c:/texlive/2017/texmf-dist/tex/latex/graphics/trig.sty
Package: trig 2016/01/03 v1.10 sin cos tan (DPC)
) (c:/texlive/2017/texmf-dist/tex/latex/graphics-cfg/graphics.cfg
File: graphics.cfg 2016/06/04 v1.11 sample graphics configuration
)
Package graphics Info: Driver file: pdftex.def on input line 99.
 (c:/texlive/2017/texmf-dist/tex/latex/graphics-def/pdftex.def
File: pdftex.def 2017/01/12 v0.06k Graphics/color for pdfTeX
 (c:/texlive/2017/texmf-dist/tex/generic/oberdiek/infwarerr.sty
Package: infwarerr 2016/05/16 v1.4 Providing info/warning/error messages (HO)
) (c:/texlive/2017/texmf-dist/tex/generic/oberdiek/ltxcmds.sty
Package: ltxcmds 2016/05/16 v1.23 LaTeX kernel commands for general use (HO)
)
\Gread@gobject=\count104
))
\Gin@req@height=\dimen120
\Gin@req@width=\dimen121
) (c:/texlive/2017/texmf-dist/tex/latex/subfig/subfig.sty
Package: subfig 2005/06/28 ver: 1.3 subfig package
 (c:/texlive/2017/texmf-dist/tex/latex/caption/caption.sty
Package: caption 2016/02/21 v3.3-144 Customizing captions (AR)
 (c:/texlive/2017/texmf-dist/tex/latex/caption/caption3.sty
Package: caption3 2016/05/22 v1.7-166 caption3 kernel (AR)
Package caption3 Info: TeX engine: e-TeX on input line 67.
\captionmargin=\dimen122
\captionmargin@=\dimen123
\captionwidth=\dimen124
\caption@tempdima=\dimen125
\caption@indent=\dimen126
\caption@parindent=\dimen127
\caption@hangindent=\dimen128
)
\c@ContinuedFloat=\count105
Package caption Info: float package is loaded.
)
\c@KVtest=\count106
\sf@farskip=\skip48
\sf@captopadj=\dimen129
\sf@capskip=\skip49
\sf@nearskip=\skip50
\c@subfigure=\count107
\c@subfigure@save=\count108
\c@lofdepth=\count109
\c@subtable=\count110
\c@subtable@save=\count111
\c@lotdepth=\count112
\sf@top=\skip51
\sf@bottom=\skip52
) (c:/texlive/2017/texmf-dist/tex/generic/babel/babel.sty
Package: babel 2017/05/19 3.10 The Babel package
 (c:/texlive/2017/texmf-dist/tex/generic/babel-english/english.ldf
Language: english 2017/01/24 v3.3q English support from the babel system
 (c:/texlive/2017/texmf-dist/tex/generic/babel/babel.def
File: babel.def 2017/05/19 3.10 Babel common definitions
\babel@savecnt=\count113
\U@D=\dimen130
)
\l@canadian = a dialect from \language\l@american 
\l@australian = a dialect from \language\l@british 
\l@newzealand = a dialect from \language\l@british 
)) (c:/texlive/2017/texmf-dist/tex/latex/tools/indentfirst.sty
Package: indentfirst 1995/11/23 v1.03 Indent first paragraph (DPC)
) (c:/texlive/2017/texmf-dist/tex/latex/multirow/multirow.sty
Package: multirow 2016/11/25 v2.2 Span multiple rows of a table
\multirow@colwidth=\skip53
\multirow@cntb=\count114
\multirow@dima=\skip54
\bigstrutjot=\dimen131
) (c:/texlive/2017/texmf-dist/tex/latex/hyperref/hyperref.sty
Package: hyperref 2017/03/14 v6.85a Hypertext links for LaTeX
 (c:/texlive/2017/texmf-dist/tex/generic/oberdiek/hobsub-hyperref.sty
Package: hobsub-hyperref 2016/05/16 v1.14 Bundle oberdiek, subset hyperref (HO)
 (c:/texlive/2017/texmf-dist/tex/generic/oberdiek/hobsub-generic.sty
Package: hobsub-generic 2016/05/16 v1.14 Bundle oberdiek, subset generic (HO)
Package: hobsub 2016/05/16 v1.14 Construct package bundles (HO)
Package hobsub Info: Skipping package `infwarerr' (already loaded).
Package hobsub Info: Skipping package `ltxcmds' (already loaded).
Package: ifluatex 2016/05/16 v1.4 Provides the ifluatex switch (HO)
Package ifluatex Info: LuaTeX not detected.
Package hobsub Info: Skipping package `ifvtex' (already loaded).
Package: intcalc 2016/05/16 v1.2 Expandable calculations with integers (HO)
Package hobsub Info: Skipping package `ifpdf' (already loaded).
Package: etexcmds 2016/05/16 v1.6 Avoid name clashes with e-TeX commands (HO)
Package etexcmds Info: Could not find \expanded.
(etexcmds)             That can mean that you are not using pdfTeX 1.50 or
(etexcmds)             that some package has redefined \expanded.
(etexcmds)             In the latter case, load this package earlier.
Package: kvsetkeys 2016/05/16 v1.17 Key value parser (HO)
Package: kvdefinekeys 2016/05/16 v1.4 Define keys (HO)
Package: pdftexcmds 2017/03/19 v0.25 Utility functions of pdfTeX for LuaTeX (HO)
Package pdftexcmds Info: LuaTeX not detected.
Package pdftexcmds Info: \pdf@primitive is available.
Package pdftexcmds Info: \pdf@ifprimitive is available.
Package pdftexcmds Info: \pdfdraftmode found.
Package: pdfescape 2016/05/16 v1.14 Implements pdfTeX's escape features (HO)
Package: bigintcalc 2016/05/16 v1.4 Expandable calculations on big integers (HO)
Package: bitset 2016/05/16 v1.2 Handle bit-vector datatype (HO)
Package: uniquecounter 2016/05/16 v1.3 Provide unlimited unique counter (HO)
)
Package hobsub Info: Skipping package `hobsub' (already loaded).
Package: letltxmacro 2016/05/16 v1.5 Let assignment for LaTeX macros (HO)
Package: hopatch 2016/05/16 v1.3 Wrapper for package hooks (HO)
Package: xcolor-patch 2016/05/16 xcolor patch
Package: atveryend 2016/05/16 v1.9 Hooks at the very end of document (HO)
Package atveryend Info: \enddocument detected (standard20110627).
Package: atbegshi 2016/06/09 v1.18 At begin shipout hook (HO)
Package: refcount 2016/05/16 v3.5 Data extraction from label references (HO)
Package: hycolor 2016/05/16 v1.8 Color options for hyperref/bookmark (HO)
) (c:/texlive/2017/texmf-dist/tex/latex/oberdiek/auxhook.sty
Package: auxhook 2016/05/16 v1.4 Hooks for auxiliary files (HO)
) (c:/texlive/2017/texmf-dist/tex/latex/oberdiek/kvoptions.sty
Package: kvoptions 2016/05/16 v3.12 Key value format for package options (HO)
)
\@linkdim=\dimen132
\Hy@linkcounter=\count115
\Hy@pagecounter=\count116
 (c:/texlive/2017/texmf-dist/tex/latex/hyperref/pd1enc.def
File: pd1enc.def 2017/03/14 v6.85a Hyperref: PDFDocEncoding definition (HO)
)
\Hy@SavedSpaceFactor=\count117
 (c:/texlive/2017/texmf-dist/tex/latex/latexconfig/hyperref.cfg
File: hyperref.cfg 2002/06/06 v1.2 hyperref configuration of TeXLive
)
Package hyperref Info: Hyper figures OFF on input line 4498.
Package hyperref Info: Link nesting OFF on input line 4503.
Package hyperref Info: Hyper index ON on input line 4506.
Package hyperref Info: Plain pages OFF on input line 4513.
Package hyperref Info: Backreferencing OFF on input line 4518.
Package hyperref Info: Implicit mode ON; LaTeX internals redefined.
Package hyperref Info: Bookmarks ON on input line 4751.
\c@Hy@tempcnt=\count118
 (c:/texlive/2017/texmf-dist/tex/latex/url/url.sty
\Urlmuskip=\muskip11
Package: url 2013/09/16  ver 3.4  Verb mode for urls, etc.
)
LaTeX Info: Redefining \url on input line 5104.
\XeTeXLinkMargin=\dimen133
\Fld@menulength=\count119
\Field@Width=\dimen134
\Fld@charsize=\dimen135
Package hyperref Info: Hyper figures OFF on input line 6358.
Package hyperref Info: Link nesting OFF on input line 6363.
Package hyperref Info: Hyper index ON on input line 6366.
Package hyperref Info: backreferencing OFF on input line 6373.
Package hyperref Info: Link coloring OFF on input line 6378.
Package hyperref Info: Link coloring with OCG OFF on input line 6383.
Package hyperref Info: PDF/A mode OFF on input line 6388.
LaTeX Info: Redefining \ref on input line 6428.
LaTeX Info: Redefining \pageref on input line 6432.
\Hy@abspage=\count120
\c@Item=\count121
\c@Hfootnote=\count122
)

Package hyperref Message: Driver (autodetected): hpdftex.

(c:/texlive/2017/texmf-dist/tex/latex/hyperref/hpdftex.def
File: hpdftex.def 2017/03/14 v6.85a Hyperref driver for pdfTeX
\Fld@listcount=\count123
\c@bookmark@seq@number=\count124
 (c:/texlive/2017/texmf-dist/tex/latex/oberdiek/rerunfilecheck.sty
Package: rerunfilecheck 2016/05/16 v1.8 Rerun checks for auxiliary files (HO)
Package uniquecounter Info: New unique counter `rerunfilecheck' on input line 282.
)
\Hy@SectionHShift=\skip55
)

Package hyperref Warning: Option `hypertex' has already been used,
(hyperref)                setting the option has no effect on input line 16.

Package hyperref Info: Option `colorlinks' set `true' on input line 16.
(d:/PANDA/Study/VG441/Homework/Midterm 1/Midterm.aux)
\openout1 = `Midterm.aux'.

LaTeX Font Info:    Checking defaults for OML/cmm/m/it on input line 21.
LaTeX Font Info:    ... okay on input line 21.
LaTeX Font Info:    Checking defaults for T1/cmr/m/n on input line 21.
LaTeX Font Info:    ... okay on input line 21.
LaTeX Font Info:    Checking defaults for OT1/cmr/m/n on input line 21.
LaTeX Font Info:    ... okay on input line 21.
LaTeX Font Info:    Checking defaults for OMS/cmsy/m/n on input line 21.
LaTeX Font Info:    ... okay on input line 21.
LaTeX Font Info:    Checking defaults for OMX/cmex/m/n on input line 21.
LaTeX Font Info:    ... okay on input line 21.
LaTeX Font Info:    Checking defaults for U/cmr/m/n on input line 21.
LaTeX Font Info:    ... okay on input line 21.
LaTeX Font Info:    Checking defaults for PD1/pdf/m/n on input line 21.
LaTeX Font Info:    ... okay on input line 21.

*geometry* driver: auto-detecting
*geometry* detected driver: pdftex
*geometry* verbose mode - [ preamble ] result:
* driver: pdftex
* paper: a4paper
* layout: <same size as paper>
* layoutoffset:(h,v)=(0.0pt,0.0pt)
* modes: 
* h-part:(L,W,R)=(89.62709pt, 418.25368pt, 89.6271pt)
* v-part:(T,H,B)=(101.40665pt, 591.5302pt, 152.11pt)
* \paperwidth=597.50787pt
* \paperheight=845.04684pt
* \textwidth=418.25368pt
* \textheight=591.5302pt
* \oddsidemargin=17.3571pt
* \evensidemargin=17.3571pt
* \topmargin=-7.86334pt
* \headheight=12.0pt
* \headsep=25.0pt
* \topskip=10.0pt
* \footskip=30.0pt
* \marginparwidth=57.0pt
* \marginparsep=11.0pt
* \columnsep=10.0pt
* \skip\footins=9.0pt plus 4.0pt minus 2.0pt
* \hoffset=0.0pt
* \voffset=0.0pt
* \mag=1000
* \@twocolumnfalse
* \@twosidefalse
* \@mparswitchfalse
* \@reversemarginfalse
* (1in=72.27pt=25.4mm, 1cm=28.453pt)

(c:/texlive/2017/texmf-dist/tex/context/base/mkii/supp-pdf.mkii
[Loading MPS to PDF converter (version 2006.09.02).]
\scratchcounter=\count125
\scratchdimen=\dimen136
\scratchbox=\box30
\nofMPsegments=\count126
\nofMParguments=\count127
\everyMPshowfont=\toks24
\MPscratchCnt=\count128
\MPscratchDim=\dimen137
\MPnumerator=\count129
\makeMPintoPDFobject=\count130
\everyMPtoPDFconversion=\toks25
) (c:/texlive/2017/texmf-dist/tex/latex/oberdiek/epstopdf-base.sty
Package: epstopdf-base 2016/05/15 v2.6 Base part for package epstopdf
 (c:/texlive/2017/texmf-dist/tex/latex/oberdiek/grfext.sty
Package: grfext 2016/05/16 v1.2 Manage graphics extensions (HO)
)
Package epstopdf-base Info: Redefining graphics rule for `.eps' on input line 438.
Package grfext Info: Graphics extension search list:
(grfext)             [.png,.pdf,.jpg,.mps,.jpeg,.jbig2,.jb2,.PNG,.PDF,.JPG,.JPEG,.JBIG2,.JB2,.eps]
(grfext)             \AppendGraphicsExtensions on input line 456.
 (c:/texlive/2017/texmf-dist/tex/latex/latexconfig/epstopdf-sys.cfg
File: epstopdf-sys.cfg 2010/07/13 v1.3 Configuration of (r)epstopdf for TeX Live
))
Package caption Info: Begin \AtBeginDocument code.
Package caption Info: subfig package v1.3 is loaded.
Package caption Info: hyperref package is loaded.
Package caption Info: End \AtBeginDocument code.
\AtBeginShipoutBox=\box31
 (c:/texlive/2017/texmf-dist/tex/latex/graphics/color.sty
Package: color 2016/07/10 v1.1e Standard LaTeX Color (DPC)
 (c:/texlive/2017/texmf-dist/tex/latex/graphics-cfg/color.cfg
File: color.cfg 2016/01/02 v1.6 sample color configuration
)
Package color Info: Driver file: pdftex.def on input line 147.
)
Package hyperref Info: Link coloring ON on input line 21.
 (c:/texlive/2017/texmf-dist/tex/latex/hyperref/nameref.sty
Package: nameref 2016/05/21 v2.44 Cross-referencing by name of section
 (c:/texlive/2017/texmf-dist/tex/generic/oberdiek/gettitlestring.sty
Package: gettitlestring 2016/05/16 v1.5 Cleanup title references (HO)
)
\c@section@level=\count131
)
LaTeX Info: Redefining \ref on input line 21.
LaTeX Info: Redefining \pageref on input line 21.
LaTeX Info: Redefining \nameref on input line 21.
 (d:/PANDA/Study/VG441/Homework/Midterm 1/Midterm.out) (d:/PANDA/Study/VG441/Homework/Midterm 1/Midterm.out)
\@outlinefile=\write3
\openout3 = `Midterm.out'.

LaTeX Font Info:    Try loading font information for U+msa on input line 23.
 (c:/texlive/2017/texmf-dist/tex/latex/amsfonts/umsa.fd
File: umsa.fd 2013/01/14 v3.01 AMS symbols A
)
LaTeX Font Info:    Try loading font information for U+msb on input line 23.
 (c:/texlive/2017/texmf-dist/tex/latex/amsfonts/umsb.fd
File: umsb.fd 2013/01/14 v3.01 AMS symbols B
)
Underfull \hbox (badness 10000) in paragraph at lines 27--30

 []


Underfull \hbox (badness 10000) in paragraph at lines 27--30

 []

<P1a.png, id=20, 1850.112pt x 972.7542pt>
File: P1a.png Graphic file (type png)
 <use P1a.png>
Package pdftex.def Info: P1a.png used on input line 36.
(pdftex.def)             Requested size: 462.52687pt x 243.18796pt.

Overfull \hbox (44.2732pt too wide) in paragraph at lines 36--37
 [][] 
 []


Underfull \hbox (badness 10000) in paragraph at lines 33--38

 []

<P1b.png, id=22, 1850.112pt x 972.7542pt>
File: P1b.png Graphic file (type png)
 <use P1b.png>
Package pdftex.def Info: P1b.png used on input line 42.
(pdftex.def)             Requested size: 462.52687pt x 243.18796pt.

Overfull \hbox (44.2732pt too wide) in paragraph at lines 42--43
 [][] 
 []


Underfull \hbox (badness 10000) in paragraph at lines 39--44

 []

[1

{c:/texlive/2017/texmf-var/fonts/map/pdftex/updmap/pdftex.map} <d:/PANDA/Study/VG441/Homework/Midterm 1/P1a.png>] <P1c1.png, id=36, 1850.112pt x 972.7542pt>
File: P1c1.png Graphic file (type png)
 <use P1c1.png>
Package pdftex.def Info: P1c1.png used on input line 48.
(pdftex.def)             Requested size: 462.52687pt x 243.18796pt.

Overfull \hbox (44.2732pt too wide) in paragraph at lines 48--49
 [][] 
 []


Underfull \hbox (badness 10000) in paragraph at lines 45--50

 []

<P1c2.png, id=37, 1850.112pt x 972.7542pt>
File: P1c2.png Graphic file (type png)
 <use P1c2.png>
Package pdftex.def Info: P1c2.png used on input line 53.
(pdftex.def)             Requested size: 462.52687pt x 243.18796pt.

Overfull \hbox (44.2732pt too wide) in paragraph at lines 53--54
 [][] 
 []

<P1c3.png, id=38, 1850.112pt x 972.7542pt>
File: P1c3.png Graphic file (type png)
 <use P1c3.png>
Package pdftex.def Info: P1c3.png used on input line 58.
(pdftex.def)             Requested size: 462.52687pt x 243.18796pt.

Overfull \hbox (44.2732pt too wide) in paragraph at lines 58--59
 [][] 
 []

[2 <d:/PANDA/Study/VG441/Homework/Midterm 1/P1b.png> <d:/PANDA/Study/VG441/Homework/Midterm 1/P1c1.png>] <P1c4.png, id=48, 1850.112pt x 972.7542pt>
File: P1c4.png Graphic file (type png)
 <use P1c4.png>
Package pdftex.def Info: P1c4.png used on input line 63.
(pdftex.def)             Requested size: 462.52687pt x 243.18796pt.

Overfull \hbox (44.2732pt too wide) in paragraph at lines 63--64
 [][] 
 []

<P1c5.png, id=49, 1850.112pt x 972.7542pt>
File: P1c5.png Graphic file (type png)
 <use P1c5.png>
Package pdftex.def Info: P1c5.png used on input line 68.
(pdftex.def)             Requested size: 462.52687pt x 243.18796pt.

Overfull \hbox (44.2732pt too wide) in paragraph at lines 68--69
 [][] 
 []

[3 <d:/PANDA/Study/VG441/Homework/Midterm 1/P1c2.png> <d:/PANDA/Study/VG441/Homework/Midterm 1/P1c3.png>] <P1c6.png, id=58, 1850.112pt x 972.7542pt>
File: P1c6.png Graphic file (type png)
 <use P1c6.png>
Package pdftex.def Info: P1c6.png used on input line 73.
(pdftex.def)             Requested size: 462.52687pt x 243.18796pt.

Overfull \hbox (44.2732pt too wide) in paragraph at lines 73--74
 [][] 
 []

[4 <d:/PANDA/Study/VG441/Homework/Midterm 1/P1c4.png> <d:/PANDA/Study/VG441/Homework/Midterm 1/P1c5.png>]
Underfull \hbox (badness 10000) in paragraph at lines 79--80

 []


Underfull \hbox (badness 10000) in paragraph at lines 101--124

 []


Underfull \hbox (badness 10000) in paragraph at lines 101--124

 []


Underfull \hbox (badness 10000) in paragraph at lines 101--124

 []


Underfull \hbox (badness 10000) in paragraph at lines 101--124

 []


Underfull \hbox (badness 10000) in paragraph at lines 101--124

 []


Underfull \hbox (badness 10000) in paragraph at lines 101--124

 []


Underfull \hbox (badness 10000) in paragraph at lines 101--124

 []


Underfull \hbox (badness 10000) in paragraph at lines 101--124

 []

[5 <d:/PANDA/Study/VG441/Homework/Midterm 1/P1c6.png>] <P3b.png, id=82, 1498.59875pt x 758.835pt>
File: P3b.png Graphic file (type png)
 <use P3b.png>
Package pdftex.def Info: P3b.png used on input line 127.
(pdftex.def)             Requested size: 374.64877pt x 189.70828pt.
 [6] <P3b2.png, id=89, 909.99976pt x 479.99326pt>
File: P3b2.png Graphic file (type png)
 <use P3b2.png>
Package pdftex.def Info: P3b2.png used on input line 139.
(pdftex.def)             Requested size: 363.99345pt x 191.9939pt.

Overfull \hbox (18.99998pt too wide) in paragraph at lines 130--141
[] \OML/cmm/m/it/10 A\OT1/cmr/m/n/10 [8] = []\OMS/cmsy/m/n/10 f\OT1/cmr/m/n/10 4762\OML/cmm/m/it/10 ; \OT1/cmr/m/n/10 3629\OML/cmm/m/it/10 ; \OT1/cmr/m/n/10 3710\OML/cmm/m/it/10 ; \OT1/cmr/m/n/10 4190\OML/cmm/m/it/10 ; \OT1/cmr/m/n/10 4850\OML/cmm/m/it/10 ; \OT1/cmr/m/n/10 5702\OML/cmm/m/it/10 ; \OT1/cmr/m/n/10 5926\OMS/cmsy/m/n/10 g \OT1/cmr/m/n/10 = 3710\OML/cmm/m/it/10 ; B\OT1/cmr/m/n/10 [7] = \OMS/cmsy/m/n/10 f\OT1/cmr/m/n/10 12\OML/cmm/m/it/10 ; \OT1/cmr/m/n/10 13\OML/cmm/m/it/10 ; \OT1/cmr/m/n/10 14\OML/cmm/m/it/10 ; \OT1/cmr/m/n/10 15\OML/cmm/m/it/10 ; \OT1/cmr/m/n/10 16\OML/cmm/m/it/10 ; \OT1/cmr/m/n/10 57\OML/cmm/m/it/10 ; \OT1/cmr/m/n/10 58\OMS/cmsy/m/n/10 g$ 
 []

[7 <d:/PANDA/Study/VG441/Homework/Midterm 1/P3b.png (PNG copy)> <d:/PANDA/Study/VG441/Homework/Midterm 1/P3b2.png>] <P3c.png, id=98, 1850.112pt x 972.7542pt>
File: P3c.png Graphic file (type png)
 <use P3c.png>
Package pdftex.def Info: P3c.png used on input line 153.
(pdftex.def)             Requested size: 462.52687pt x 243.18796pt.

Overfull \hbox (44.2732pt too wide) in paragraph at lines 153--154
 [][] 
 []

<P3c2.png, id=99, 529.98pt x 234.8775pt>
File: P3c2.png Graphic file (type png)
 <use P3c2.png>
Package pdftex.def Info: P3c2.png used on input line 158.
(pdftex.def)             Requested size: 317.99043pt x 140.92758pt.
 [8 <d:/PANDA/Study/VG441/Homework/Midterm 1/P3c.png> <d:/PANDA/Study/VG441/Homework/Midterm 1/P3c2.png>] [9]
Overfull \hbox (75.24202pt too wide) in paragraph at lines 202--202
[]        \OT1/cmtt/m/n/10 df = pd.DataFrame(pd.read_csv(r"D:\PANDA\Study\VG441\Homework\Midterm 1\demands.csv"))[] 
 []


Overfull \hbox (75.24202pt too wide) in paragraph at lines 228--228
[]        \OT1/cmtt/m/n/10 df = pd.DataFrame(pd.read_csv(r"D:\PANDA\Study\VG441\Homework\Midterm 1\demands.csv"))[] 
 []


Overfull \hbox (12.24257pt too wide) in paragraph at lines 228--228
[]        \OT1/cmtt/m/n/10 print("Mean squared error: %.2f"% mean_squared_error(Y_test, Y_predicted))[] 
 []

[10]
Overfull \hbox (75.24202pt too wide) in paragraph at lines 257--257
[]        \OT1/cmtt/m/n/10 df = pd.DataFrame(pd.read_csv(r"D:\PANDA\Study\VG441\Homework\Midterm 1\demands.csv"))[] 
 []


Overfull \hbox (33.24239pt too wide) in paragraph at lines 257--257
[]        \OT1/cmtt/m/n/10 params = {'n_estimators': n, 'max_depth': 1, 'learning_rate': 1, 'loss': 'ls'}[] 
 []


Overfull \hbox (12.24257pt too wide) in paragraph at lines 257--257
[]        \OT1/cmtt/m/n/10 print("Mean squared error: %.2f"% mean_squared_error(Y_test, Y_predicted))[] 
 []

Missing character: There is no Â in font cmtt10!
Missing character: There is no Ø in font cmtt10!
Missing character: There is no º in font cmtt10!
Missing character: There is no Â in font cmtt10!
Missing character: There is no Ö in font cmtt10!
Missing character: There is no • in font cmtt10!
Missing character: There is no Ê in font cmtt10!
Missing character: There is no ï in font cmtt10!
Missing character: There is no ∞ in font cmtt10!
Missing character: There is no Ê in font cmtt10!
Missing character: There is no ç in font cmtt10!
Missing character: There is no Æ in font cmtt10!

Overfull \hbox (33.24239pt too wide) in paragraph at lines 287--287
[]        \OT1/cmtt/m/n/10 q = WW.addVars(T, lb=np.zeros(T), vtype=GRB.CONTINUOUS, name="order_quantity")[] 
 []


Overfull \hbox (38.49234pt too wide) in paragraph at lines 287--287
[]        \OT1/cmtt/m/n/10 x = WW.addVars(T, lb=np.zeros(T), vtype=GRB.CONTINUOUS, name="inventory_level")[] 
 []


Overfull \hbox (1.74266pt too wide) in paragraph at lines 287--287
[]        \OT1/cmtt/m/n/10 WW.setObjective(quicksum(K*y[t]+h*x[t] for t in range(T)), GRB.MINIMIZE)[] 
 []

[11]
Package atveryend Info: Empty hook `BeforeClearDocument' on input line 288.
 [12]
Package atveryend Info: Empty hook `AfterLastShipout' on input line 288.
 (d:/PANDA/Study/VG441/Homework/Midterm 1/Midterm.aux)
Package atveryend Info: Executing hook `AtVeryEndDocument' on input line 288.
Package atveryend Info: Executing hook `AtEndAfterFileList' on input line 288.
Package rerunfilecheck Info: File `Midterm.out' has not changed.
(rerunfilecheck)             Checksum: 90AE73199322C9F6183311E370309EE5;176.
Package atveryend Info: Empty hook `AtVeryVeryEnd' on input line 288.
 ) 
Here is how much of TeX's memory you used:
 8587 strings out of 492995
 126318 string characters out of 6136403
 238773 words of memory out of 5000000
 11974 multiletter control sequences out of 15000+600000
 12290 words of font info for 48 fonts, out of 8000000 for 9000
 1141 hyphenation exceptions out of 8191
 44i,8n,42p,381b,463s stack positions out of 5000i,500n,10000p,200000b,80000s
<c:/texlive/2017/texmf-dist/fonts/type1/public/amsfonts/cm/cmbx10.pfb><c:/texlive/2017/texmf-dist/fonts/type1/public/amsfonts/cm/cmbx12.pfb><c:/texlive/2017/texmf-dist/fonts/type1/public/amsfonts/cm/cmex10.pfb><c:/texlive/2017/texmf-dist/fonts/type1/public/amsfonts/cm/cmmi10.pfb><c:/texlive/2017/texmf-dist/fonts/type1/public/amsfonts/cm/cmmi7.pfb><c:/texlive/2017/texmf-dist/fonts/type1/public/amsfonts/cm/cmr10.pfb><c:/texlive/2017/texmf-dist/fonts/type1/public/amsfonts/cm/cmr12.pfb><c:/texlive/2017/texmf-dist/fonts/type1/public/amsfonts/cm/cmr5.pfb><c:/texlive/2017/texmf-dist/fonts/type1/public/amsfonts/cm/cmr7.pfb><c:/texlive/2017/texmf-dist/fonts/type1/public/amsfonts/cm/cmsy10.pfb><c:/texlive/2017/texmf-dist/fonts/type1/public/amsfonts/cm/cmsy7.pfb><c:/texlive/2017/texmf-dist/fonts/type1/public/amsfonts/cm/cmtt10.pfb><c:/texlive/2017/texmf-dist/fonts/type1/public/amsfonts/symbols/msbm10.pfb>
Output written on "d:/PANDA/Study/VG441/Homework/Midterm 1/Midterm.pdf" (12 pages, 860469 bytes).
PDF statistics:
 190 PDF objects out of 1000 (max. 8388607)
 138 compressed objects within 2 object streams
 44 named destinations out of 1000 (max. 500000)
 93 words of extra memory for PDF output out of 10000 (max. 10000000)

